

Started GET "/assets/rails.png" for 127.0.0.1 at 2012-10-26 12:59:24 -0700
Connecting to database specified by database.yml
Served asset /rails.png - 200 OK (3ms)
Connecting to database specified by database.yml
Connecting to database specified by database.yml
  [1m[36m (0.1ms)[0m  [1mselect sqlite_version(*)[0m
  [1m[35m (26.5ms)[0m  CREATE TABLE "schema_migrations" ("version" varchar(255) NOT NULL) 
  [1m[36m (0.0ms)[0m  [1mPRAGMA index_list("schema_migrations")[0m
  [1m[35m (17.7ms)[0m  CREATE UNIQUE INDEX "unique_schema_migrations" ON "schema_migrations" ("version")
  [1m[36m (0.1ms)[0m  [1mSELECT "schema_migrations"."version" FROM "schema_migrations" [0m
Migrating to CreateAdmins (20121026201001)
  [1m[35m (0.0ms)[0m  begin transaction
  [1m[36m (0.3ms)[0m  [1mCREATE TABLE "admins" ("id" INTEGER PRIMARY KEY AUTOINCREMENT NOT NULL, "name" varchar(255), "email" varchar(255), "password_digest" varchar(255), "created_at" datetime NOT NULL, "updated_at" datetime NOT NULL) [0m
  [1m[35m (0.1ms)[0m  INSERT INTO "schema_migrations" ("version") VALUES ('20121026201001')
  [1m[36m (19.6ms)[0m  [1mcommit transaction[0m
  [1m[35m (0.2ms)[0m  select sqlite_version(*)
  [1m[36m (0.1ms)[0m  [1mSELECT "schema_migrations"."version" FROM "schema_migrations" [0m
  [1m[35m (0.0ms)[0m  PRAGMA index_list("admins")
Connecting to database specified by database.yml


Started GET "/assets/rails.png" for 127.0.0.1 at 2012-10-26 13:28:51 -0700

ArgumentError (missing :controller):
  config/routes.rb:2:in `block in <top (required)>'
  config/routes.rb:1:in `<top (required)>'


  Rendered /usr/local/lib/ruby/gems/1.9.1/gems/actionpack-3.2.7/lib/action_dispatch/middleware/templates/rescues/_trace.erb (1.8ms)
  Rendered /usr/local/lib/ruby/gems/1.9.1/gems/actionpack-3.2.7/lib/action_dispatch/middleware/templates/rescues/_request_and_response.erb (6.5ms)
  Rendered /usr/local/lib/ruby/gems/1.9.1/gems/actionpack-3.2.7/lib/action_dispatch/middleware/templates/rescues/diagnostics.erb within rescues/layout (22.9ms)


Started GET "/state_pages/home" for 127.0.0.1 at 2012-10-26 13:31:16 -0700
Processing by StatePagesController#home as HTML
Completed 500 Internal Server Error in 31ms

ActionView::MissingTemplate (Missing template state_pages/home, application/home with {:locale=>[:en], :formats=>[:html], :handlers=>[:erb, :builder, :coffee]}. Searched in:
  * "/home/ubuntu/6170_projects/mmiyachi_proj3/app/views"
):
  actionpack (3.2.7) lib/action_view/path_set.rb:58:in `find'
  actionpack (3.2.7) lib/action_view/lookup_context.rb:109:in `find'
  actionpack (3.2.7) lib/action_view/renderer/abstract_renderer.rb:3:in `find_template'
  actionpack (3.2.7) lib/action_view/renderer/template_renderer.rb:34:in `determine_template'
  actionpack (3.2.7) lib/action_view/renderer/template_renderer.rb:10:in `render'
  actionpack (3.2.7) lib/action_view/renderer/renderer.rb:36:in `render_template'
  actionpack (3.2.7) lib/action_view/renderer/renderer.rb:17:in `render'
  actionpack (3.2.7) lib/abstract_controller/rendering.rb:110:in `_render_template'
  actionpack (3.2.7) lib/action_controller/metal/streaming.rb:225:in `_render_template'
  actionpack (3.2.7) lib/abstract_controller/rendering.rb:103:in `render_to_body'
  actionpack (3.2.7) lib/action_controller/metal/renderers.rb:28:in `render_to_body'
  actionpack (3.2.7) lib/action_controller/metal/compatibility.rb:50:in `render_to_body'
  actionpack (3.2.7) lib/abstract_controller/rendering.rb:88:in `render'
  actionpack (3.2.7) lib/action_controller/metal/rendering.rb:16:in `render'
  actionpack (3.2.7) lib/action_controller/metal/instrumentation.rb:40:in `block (2 levels) in render'
  activesupport (3.2.7) lib/active_support/core_ext/benchmark.rb:5:in `block in ms'
  /usr/local/lib/ruby/1.9.1/benchmark.rb:310:in `realtime'
  activesupport (3.2.7) lib/active_support/core_ext/benchmark.rb:5:in `ms'
  actionpack (3.2.7) lib/action_controller/metal/instrumentation.rb:40:in `block in render'
  actionpack (3.2.7) lib/action_controller/metal/instrumentation.rb:83:in `cleanup_view_runtime'
  activerecord (3.2.7) lib/active_record/railties/controller_runtime.rb:24:in `cleanup_view_runtime'
  actionpack (3.2.7) lib/action_controller/metal/instrumentation.rb:39:in `render'
  actionpack (3.2.7) lib/action_controller/metal/implicit_render.rb:10:in `default_render'
  actionpack (3.2.7) lib/action_controller/metal/implicit_render.rb:5:in `send_action'
  actionpack (3.2.7) lib/abstract_controller/base.rb:167:in `process_action'
  actionpack (3.2.7) lib/action_controller/metal/rendering.rb:10:in `process_action'
  actionpack (3.2.7) lib/abstract_controller/callbacks.rb:18:in `block in process_action'
  activesupport (3.2.7) lib/active_support/callbacks.rb:414:in `_run__28659708__process_action__649835096__callbacks'
  activesupport (3.2.7) lib/active_support/callbacks.rb:405:in `__run_callback'
  activesupport (3.2.7) lib/active_support/callbacks.rb:385:in `_run_process_action_callbacks'
  activesupport (3.2.7) lib/active_support/callbacks.rb:81:in `run_callbacks'
  actionpack (3.2.7) lib/abstract_controller/callbacks.rb:17:in `process_action'
  actionpack (3.2.7) lib/action_controller/metal/rescue.rb:29:in `process_action'
  actionpack (3.2.7) lib/action_controller/metal/instrumentation.rb:30:in `block in process_action'
  activesupport (3.2.7) lib/active_support/notifications.rb:123:in `block in instrument'
  activesupport (3.2.7) lib/active_support/notifications/instrumenter.rb:20:in `instrument'
  activesupport (3.2.7) lib/active_support/notifications.rb:123:in `instrument'
  actionpack (3.2.7) lib/action_controller/metal/instrumentation.rb:29:in `process_action'
  actionpack (3.2.7) lib/action_controller/metal/params_wrapper.rb:207:in `process_action'
  activerecord (3.2.7) lib/active_record/railties/controller_runtime.rb:18:in `process_action'
  actionpack (3.2.7) lib/abstract_controller/base.rb:121:in `process'
  actionpack (3.2.7) lib/abstract_controller/rendering.rb:45:in `process'
  actionpack (3.2.7) lib/action_controller/metal.rb:203:in `dispatch'
  actionpack (3.2.7) lib/action_controller/metal/rack_delegation.rb:14:in `dispatch'
  actionpack (3.2.7) lib/action_controller/metal.rb:246:in `block in action'
  actionpack (3.2.7) lib/action_dispatch/routing/route_set.rb:73:in `call'
  actionpack (3.2.7) lib/action_dispatch/routing/route_set.rb:73:in `dispatch'
  actionpack (3.2.7) lib/action_dispatch/routing/route_set.rb:36:in `call'
  journey (1.0.4) lib/journey/router.rb:68:in `block in call'
  journey (1.0.4) lib/journey/router.rb:56:in `each'
  journey (1.0.4) lib/journey/router.rb:56:in `call'
  actionpack (3.2.7) lib/action_dispatch/routing/route_set.rb:600:in `call'
  actionpack (3.2.7) lib/action_dispatch/middleware/best_standards_support.rb:17:in `call'
  rack (1.4.1) lib/rack/etag.rb:23:in `call'
  rack (1.4.1) lib/rack/conditionalget.rb:25:in `call'
  actionpack (3.2.7) lib/action_dispatch/middleware/head.rb:14:in `call'
  actionpack (3.2.7) lib/action_dispatch/middleware/params_parser.rb:21:in `call'
  actionpack (3.2.7) lib/action_dispatch/middleware/flash.rb:242:in `call'
  rack (1.4.1) lib/rack/session/abstract/id.rb:205:in `context'
  rack (1.4.1) lib/rack/session/abstract/id.rb:200:in `call'
  actionpack (3.2.7) lib/action_dispatch/middleware/cookies.rb:338:in `call'
  activerecord (3.2.7) lib/active_record/query_cache.rb:64:in `call'
  activerecord (3.2.7) lib/active_record/connection_adapters/abstract/connection_pool.rb:473:in `call'
  actionpack (3.2.7) lib/action_dispatch/middleware/callbacks.rb:28:in `block in call'
  activesupport (3.2.7) lib/active_support/callbacks.rb:405:in `_run__252159941__call__66930248__callbacks'
  activesupport (3.2.7) lib/active_support/callbacks.rb:405:in `__run_callback'
  activesupport (3.2.7) lib/active_support/callbacks.rb:385:in `_run_call_callbacks'
  activesupport (3.2.7) lib/active_support/callbacks.rb:81:in `run_callbacks'
  actionpack (3.2.7) lib/action_dispatch/middleware/callbacks.rb:27:in `call'
  actionpack (3.2.7) lib/action_dispatch/middleware/reloader.rb:65:in `call'
  actionpack (3.2.7) lib/action_dispatch/middleware/remote_ip.rb:31:in `call'
  actionpack (3.2.7) lib/action_dispatch/middleware/debug_exceptions.rb:16:in `call'
  actionpack (3.2.7) lib/action_dispatch/middleware/show_exceptions.rb:56:in `call'
  railties (3.2.7) lib/rails/rack/logger.rb:26:in `call_app'
  railties (3.2.7) lib/rails/rack/logger.rb:16:in `call'
  actionpack (3.2.7) lib/action_dispatch/middleware/request_id.rb:22:in `call'
  rack (1.4.1) lib/rack/methodoverride.rb:21:in `call'
  rack (1.4.1) lib/rack/runtime.rb:17:in `call'
  activesupport (3.2.7) lib/active_support/cache/strategy/local_cache.rb:72:in `call'
  rack (1.4.1) lib/rack/lock.rb:15:in `call'
  actionpack (3.2.7) lib/action_dispatch/middleware/static.rb:62:in `call'
  railties (3.2.7) lib/rails/engine.rb:479:in `call'
  railties (3.2.7) lib/rails/application.rb:220:in `call'
  rack (1.4.1) lib/rack/content_length.rb:14:in `call'
  railties (3.2.7) lib/rails/rack/log_tailer.rb:17:in `call'
  rack (1.4.1) lib/rack/handler/webrick.rb:59:in `service'
  /usr/local/lib/ruby/1.9.1/webrick/httpserver.rb:111:in `service'
  /usr/local/lib/ruby/1.9.1/webrick/httpserver.rb:70:in `run'
  /usr/local/lib/ruby/1.9.1/webrick/server.rb:183:in `block in start_thread'


  Rendered /usr/local/lib/ruby/gems/1.9.1/gems/actionpack-3.2.7/lib/action_dispatch/middleware/templates/rescues/missing_template.erb within rescues/layout (0.3ms)


Started GET "/state_pages/home" for 127.0.0.1 at 2012-10-26 13:32:36 -0700
Processing by StatePagesController#home as HTML
  Rendered state_pages/home.html.erb within layouts/application (0.2ms)
Compiled admins.css  (17ms)  (pid 4455)
Compiled posts.css  (0ms)  (pid 4455)
Compiled scaffolds.css  (7ms)  (pid 4455)
Compiled state_pages.css  (0ms)  (pid 4455)
Compiled application.css  (59ms)  (pid 4455)
Compiled jquery.js  (3ms)  (pid 4455)
Compiled jquery_ujs.js  (0ms)  (pid 4455)
Compiled admins.js  (152ms)  (pid 4455)
Compiled posts.js  (102ms)  (pid 4455)
Compiled state_pages.js  (104ms)  (pid 4455)
Compiled application.js  (408ms)  (pid 4455)
Completed 200 OK in 534ms (Views: 533.9ms | ActiveRecord: 0.0ms)


Started GET "/assets/application.css?body=1" for 127.0.0.1 at 2012-10-26 13:32:36 -0700
Served asset /application.css - 200 OK (44ms)


Started GET "/assets/jquery.js?body=1" for 127.0.0.1 at 2012-10-26 13:32:36 -0700
Served asset /jquery.js - 200 OK (3ms)


Started GET "/assets/posts.css?body=1" for 127.0.0.1 at 2012-10-26 13:32:36 -0700
Served asset /posts.css - 200 OK (0ms)


Started GET "/assets/admins.css?body=1" for 127.0.0.1 at 2012-10-26 13:32:36 -0700
Served asset /admins.css - 200 OK (3ms)


Started GET "/assets/scaffolds.css?body=1" for 127.0.0.1 at 2012-10-26 13:32:36 -0700
Served asset /scaffolds.css - 200 OK (1ms)


Started GET "/assets/state_pages.css?body=1" for 127.0.0.1 at 2012-10-26 13:32:36 -0700
Served asset /state_pages.css - 200 OK (1ms)


Started GET "/assets/jquery_ujs.js?body=1" for 127.0.0.1 at 2012-10-26 13:32:36 -0700
Served asset /jquery_ujs.js - 200 OK (3ms)


Started GET "/assets/admins.js?body=1" for 127.0.0.1 at 2012-10-26 13:32:36 -0700
Served asset /admins.js - 200 OK (1ms)


Started GET "/assets/posts.js?body=1" for 127.0.0.1 at 2012-10-26 13:32:36 -0700
Served asset /posts.js - 200 OK (1ms)


Started GET "/assets/application.js?body=1" for 127.0.0.1 at 2012-10-26 13:32:36 -0700
Served asset /application.js - 200 OK (6ms)


Started GET "/assets/state_pages.js?body=1" for 127.0.0.1 at 2012-10-26 13:32:36 -0700
Served asset /state_pages.js - 200 OK (1ms)


Started GET "/state_pages/home" for 127.0.0.1 at 2012-10-26 13:39:25 -0700
Processing by StatePagesController#home as HTML
  Rendered state_pages/home.html.erb within layouts/application (0.4ms)
Completed 500 Internal Server Error in 8ms

ActionView::Template::Error (undefined method `full_title' for #<#<Class:0xb64339cc>:0x90117c0>):
    1: <!DOCTYPE html>
    2: <html>
    3: <head>
    4:   <title><%= full_title(yield(:title)) %></title>
    5:   <%= stylesheet_link_tag    "application", :media => "all" %>
    6:   <%= javascript_include_tag "application" %>
    7:   <%= csrf_meta_tags %>
  app/views/layouts/application.html.erb:4:in `_app_views_layouts_application_html_erb__897286198_75230410'


  Rendered /usr/local/lib/ruby/gems/1.9.1/gems/actionpack-3.2.7/lib/action_dispatch/middleware/templates/rescues/_trace.erb (3.4ms)
  Rendered /usr/local/lib/ruby/gems/1.9.1/gems/actionpack-3.2.7/lib/action_dispatch/middleware/templates/rescues/_request_and_response.erb (0.9ms)
  Rendered /usr/local/lib/ruby/gems/1.9.1/gems/actionpack-3.2.7/lib/action_dispatch/middleware/templates/rescues/template_error.erb within rescues/layout (10.1ms)


Started GET "/state_pages/home" for 127.0.0.1 at 2012-10-26 13:40:08 -0700
Processing by StatePagesController#home as HTML
  Rendered state_pages/home.html.erb within layouts/application (0.1ms)
Completed 500 Internal Server Error in 5ms

ActionView::Template::Error (uninitialized constant ActionView::CompiledTemplates::Commentomatic):
    1: <!DOCTYPE html>
    2: <html>
    3: <head>
    4:   <title><%= Commentomatic %></title>
    5:   <%= stylesheet_link_tag    "application", :media => "all" %>
    6:   <%= javascript_include_tag "application" %>
    7:   <%= csrf_meta_tags %>
  app/views/layouts/application.html.erb:4:in `_app_views_layouts_application_html_erb__897286198__626341558'


  Rendered /usr/local/lib/ruby/gems/1.9.1/gems/actionpack-3.2.7/lib/action_dispatch/middleware/templates/rescues/_trace.erb (2.4ms)
  Rendered /usr/local/lib/ruby/gems/1.9.1/gems/actionpack-3.2.7/lib/action_dispatch/middleware/templates/rescues/_request_and_response.erb (1.3ms)
  Rendered /usr/local/lib/ruby/gems/1.9.1/gems/actionpack-3.2.7/lib/action_dispatch/middleware/templates/rescues/template_error.erb within rescues/layout (10.2ms)


Started GET "/state_pages/home" for 127.0.0.1 at 2012-10-26 13:40:24 -0700
Processing by StatePagesController#home as HTML
  Rendered state_pages/home.html.erb within layouts/application (0.1ms)
Completed 200 OK in 7ms (Views: 7.3ms | ActiveRecord: 0.0ms)


Started GET "/assets/application.css?body=1" for 127.0.0.1 at 2012-10-26 13:40:24 -0700
Served asset /application.css - 304 Not Modified (0ms)


Started GET "/assets/admins.css?body=1" for 127.0.0.1 at 2012-10-26 13:40:24 -0700
Served asset /admins.css - 304 Not Modified (0ms)


Started GET "/assets/state_pages.css?body=1" for 127.0.0.1 at 2012-10-26 13:40:24 -0700
Served asset /state_pages.css - 304 Not Modified (0ms)


Started GET "/assets/scaffolds.css?body=1" for 127.0.0.1 at 2012-10-26 13:40:24 -0700
Served asset /scaffolds.css - 304 Not Modified (0ms)


Started GET "/assets/posts.js?body=1" for 127.0.0.1 at 2012-10-26 13:40:24 -0700
Served asset /posts.js - 304 Not Modified (0ms)


Started GET "/assets/jquery.js?body=1" for 127.0.0.1 at 2012-10-26 13:40:24 -0700
Served asset /jquery.js - 304 Not Modified (0ms)


Started GET "/assets/admins.js?body=1" for 127.0.0.1 at 2012-10-26 13:40:24 -0700
Served asset /admins.js - 304 Not Modified (0ms)


Started GET "/assets/state_pages.js?body=1" for 127.0.0.1 at 2012-10-26 13:40:24 -0700
Served asset /state_pages.js - 304 Not Modified (0ms)


Started GET "/assets/posts.css?body=1" for 127.0.0.1 at 2012-10-26 13:40:24 -0700
Served asset /posts.css - 304 Not Modified (0ms)


Started GET "/assets/application.js?body=1" for 127.0.0.1 at 2012-10-26 13:40:24 -0700
Served asset /application.js - 304 Not Modified (6ms)


Started GET "/assets/jquery_ujs.js?body=1" for 127.0.0.1 at 2012-10-26 13:40:24 -0700
Served asset /jquery_ujs.js - 304 Not Modified (0ms)


Started GET "/state_pages/home" for 127.0.0.1 at 2012-10-26 13:41:26 -0700
Processing by StatePagesController#home as HTML
  Rendered state_pages/home.html.erb within layouts/application (0.1ms)
Completed 500 Internal Server Error in 32ms

ActionView::Template::Error (File to import not found or unreadable: bootstrap.
Load path: Sass::Rails::Importer(/home/ubuntu/6170_projects/mmiyachi_proj3/app/assets/stylesheets/custom.css.scss)
  (in /home/ubuntu/6170_projects/mmiyachi_proj3/app/assets/stylesheets/custom.css.scss)):
    2: <html>
    3: <head>
    4:   <title>Commentomatic</title>
    5:   <%= stylesheet_link_tag    "application", :media => "all" %>
    6:   <%= javascript_include_tag "application" %>
    7:   <%= csrf_meta_tags %>
    8: </head>
  app/assets/stylesheets/custom.css.scss:2
  app/views/layouts/application.html.erb:5:in `_app_views_layouts_application_html_erb__897286198__625867418'


  Rendered /usr/local/lib/ruby/gems/1.9.1/gems/actionpack-3.2.7/lib/action_dispatch/middleware/templates/rescues/_trace.erb (3.0ms)
  Rendered /usr/local/lib/ruby/gems/1.9.1/gems/actionpack-3.2.7/lib/action_dispatch/middleware/templates/rescues/_request_and_response.erb (0.7ms)
  Rendered /usr/local/lib/ruby/gems/1.9.1/gems/actionpack-3.2.7/lib/action_dispatch/middleware/templates/rescues/template_error.erb within rescues/layout (8.2ms)


Started GET "/state_pages/home" for 127.0.0.1 at 2012-10-26 13:41:36 -0700
Processing by StatePagesController#home as HTML
  Rendered state_pages/home.html.erb within layouts/application (0.1ms)
Completed 500 Internal Server Error in 28ms

ActionView::Template::Error (File to import not found or unreadable: bootstrap.
Load path: Sass::Rails::Importer(/home/ubuntu/6170_projects/mmiyachi_proj3/app/assets/stylesheets/custom.css.scss)
  (in /home/ubuntu/6170_projects/mmiyachi_proj3/app/assets/stylesheets/custom.css.scss)):
    2: <html>
    3: <head>
    4:   <title>Commentomatic</title>
    5:   <%= stylesheet_link_tag    "application", :media => "all" %>
    6:   <%= javascript_include_tag "application" %>
    7:   <%= csrf_meta_tags %>
    8: </head>
  app/assets/stylesheets/custom.css.scss:1
  app/views/layouts/application.html.erb:5:in `_app_views_layouts_application_html_erb__897286198__625867418'


  Rendered /usr/local/lib/ruby/gems/1.9.1/gems/actionpack-3.2.7/lib/action_dispatch/middleware/templates/rescues/_trace.erb (3.4ms)
  Rendered /usr/local/lib/ruby/gems/1.9.1/gems/actionpack-3.2.7/lib/action_dispatch/middleware/templates/rescues/_request_and_response.erb (0.4ms)
  Rendered /usr/local/lib/ruby/gems/1.9.1/gems/actionpack-3.2.7/lib/action_dispatch/middleware/templates/rescues/template_error.erb within rescues/layout (9.2ms)


Started GET "/state_pages/home" for 127.0.0.1 at 2012-10-26 13:41:38 -0700
Processing by StatePagesController#home as HTML
  Rendered state_pages/home.html.erb within layouts/application (0.1ms)
Completed 500 Internal Server Error in 44ms

ActionView::Template::Error (File to import not found or unreadable: bootstrap.
Load path: Sass::Rails::Importer(/home/ubuntu/6170_projects/mmiyachi_proj3/app/assets/stylesheets/custom.css.scss)
  (in /home/ubuntu/6170_projects/mmiyachi_proj3/app/assets/stylesheets/custom.css.scss)):
    2: <html>
    3: <head>
    4:   <title>Commentomatic</title>
    5:   <%= stylesheet_link_tag    "application", :media => "all" %>
    6:   <%= javascript_include_tag "application" %>
    7:   <%= csrf_meta_tags %>
    8: </head>
  app/assets/stylesheets/custom.css.scss:1
  app/views/layouts/application.html.erb:5:in `_app_views_layouts_application_html_erb__897286198__625867418'


  Rendered /usr/local/lib/ruby/gems/1.9.1/gems/actionpack-3.2.7/lib/action_dispatch/middleware/templates/rescues/_trace.erb (3.3ms)
  Rendered /usr/local/lib/ruby/gems/1.9.1/gems/actionpack-3.2.7/lib/action_dispatch/middleware/templates/rescues/_request_and_response.erb (0.5ms)
  Rendered /usr/local/lib/ruby/gems/1.9.1/gems/actionpack-3.2.7/lib/action_dispatch/middleware/templates/rescues/template_error.erb within rescues/layout (9.1ms)


Started GET "/state_pages/home" for 127.0.0.1 at 2012-10-26 13:41:53 -0700
Processing by StatePagesController#home as HTML
  Rendered state_pages/home.html.erb within layouts/application (0.1ms)
Completed 500 Internal Server Error in 26ms

ActionView::Template::Error (File to import not found or unreadable: bootstrap.
Load path: Sass::Rails::Importer(/home/ubuntu/6170_projects/mmiyachi_proj3/app/assets/stylesheets/custom.css.scss)
  (in /home/ubuntu/6170_projects/mmiyachi_proj3/app/assets/stylesheets/custom.css.scss)):
    2: <html>
    3: <head>
    4:   <title>Commentomatic</title>
    5:   <%= stylesheet_link_tag    "application", :media => "all" %>
    6:   <%= javascript_include_tag "application" %>
    7:   <%= csrf_meta_tags %>
    8: </head>
  app/assets/stylesheets/custom.css.scss:1
  app/views/layouts/application.html.erb:5:in `_app_views_layouts_application_html_erb__897286198__625867418'


  Rendered /usr/local/lib/ruby/gems/1.9.1/gems/actionpack-3.2.7/lib/action_dispatch/middleware/templates/rescues/_trace.erb (3.5ms)
  Rendered /usr/local/lib/ruby/gems/1.9.1/gems/actionpack-3.2.7/lib/action_dispatch/middleware/templates/rescues/_request_and_response.erb (1.3ms)
  Rendered /usr/local/lib/ruby/gems/1.9.1/gems/actionpack-3.2.7/lib/action_dispatch/middleware/templates/rescues/template_error.erb within rescues/layout (9.0ms)


Started GET "/state_pages/home" for 127.0.0.1 at 2012-10-26 13:42:52 -0700
Connecting to database specified by database.yml
Processing by StatePagesController#home as HTML
  Rendered state_pages/home.html.erb within layouts/application (7.5ms)
Compiled custom.css  (1168ms)  (pid 5062)
Compiled application.css  (1175ms)  (pid 5062)
Completed 200 OK in 1286ms (Views: 1285.5ms | ActiveRecord: 0.0ms)


Started GET "/assets/application.css?body=1" for 127.0.0.1 at 2012-10-26 13:42:53 -0700
Served asset /application.css - 304 Not Modified (59ms)


Started GET "/assets/scaffolds.css?body=1" for 127.0.0.1 at 2012-10-26 13:42:53 -0700
Served asset /scaffolds.css - 304 Not Modified (1ms)


Started GET "/assets/posts.css?body=1" for 127.0.0.1 at 2012-10-26 13:42:53 -0700
Served asset /posts.css - 304 Not Modified (1ms)


Started GET "/assets/custom.css?body=1" for 127.0.0.1 at 2012-10-26 13:42:54 -0700
Served asset /custom.css - 200 OK (13ms)


Started GET "/assets/admins.css?body=1" for 127.0.0.1 at 2012-10-26 13:42:54 -0700
Served asset /admins.css - 304 Not Modified (1ms)


Started GET "/assets/state_pages.css?body=1" for 127.0.0.1 at 2012-10-26 13:42:54 -0700
Served asset /state_pages.css - 304 Not Modified (0ms)


Started GET "/assets/jquery.js?body=1" for 127.0.0.1 at 2012-10-26 13:42:54 -0700
Served asset /jquery.js - 304 Not Modified (2ms)


Started GET "/assets/jquery_ujs.js?body=1" for 127.0.0.1 at 2012-10-26 13:42:54 -0700
Served asset /jquery_ujs.js - 304 Not Modified (1ms)


Started GET "/assets/admins.js?body=1" for 127.0.0.1 at 2012-10-26 13:42:54 -0700
Served asset /admins.js - 304 Not Modified (0ms)


Started GET "/assets/application.js?body=1" for 127.0.0.1 at 2012-10-26 13:42:54 -0700
Served asset /application.js - 304 Not Modified (8ms)


Started GET "/assets/state_pages.js?body=1" for 127.0.0.1 at 2012-10-26 13:42:54 -0700
Served asset /state_pages.js - 304 Not Modified (1ms)


Started GET "/assets/posts.js?body=1" for 127.0.0.1 at 2012-10-26 13:42:54 -0700
Served asset /posts.js - 304 Not Modified (8ms)
